<?xml version="1.0" encoding="UTF-8"?>
<Site BuildName="Windows-AMD64-Experimental"
	BuildStamp="20180430-1127-Experimental"
	Name="DESKTOP-R9O6L5T"
	Generator="ctest-3.11.0"
	CompilerName=""
	CompilerVersion=""
	OSName="Windows"
	Hostname="DESKTOP-R9O6L5T"
	OSRelease=" Professional"
	OSVersion=" (Build 16299)"
	OSPlatform="AMD64"
	Is64Bits="1"
	VendorString="GenuineIntel"
	VendorID="Intel Corporation"
	FamilyID="6"
	ModelID="10"
	ProcessorCacheSize="-1"
	NumberOfLogicalCPU="2"
	NumberOfPhysicalCPU="2"
	TotalVirtualMemory="7125"
	TotalPhysicalMemory="3914"
	LogicalProcessorsPerPhysical="1"
	ProcessorClockFrequency="2394"
	>
	<Build>
		<StartDateTime>Apr 30 14:27 RTZ 2 (ceia)</StartDateTime>
		<StartBuildTime>1525087638</StartBuildTime>
		<BuildCommand>"C:\Program Files\CMake\bin\cmake.exe" --build . --config "Debug"</BuildCommand>
		<Error>
			<BuildLogLine>2</BuildLogLine>
			<Text>CMake Error: Generator: execution of make failed. Make command was: "MSBuild.exe" "ALL_BUILD.vcxproj" "/p:Configuration=Debug" "/p:VisualStudioVersion=14.0"</Text>
			<PreContext>╨Э╨╡ ╤Г╨┤╨░╨╡╤В╤Б╤П ╨╜╨░╨╣╤В╨╕ ╤Г╨║╨░╨╖╨░╨╜╨╜╤Л╨╣ ╤Д╨░╨╣╨╗
</PreContext>
			<PostContext></PostContext>
			<RepeatCount>0</RepeatCount>
		</Error>
		<Warning>
			<BuildLogLine>1</BuildLogLine>
			<Text>*** WARNING non-zero return value in ctest from: C:\Program Files\CMake\bin\cmake.exe</Text>
			<PreContext></PreContext>
			<PostContext></PostContext>
			<RepeatCount>0</RepeatCount>
		</Warning>
		<Log Encoding="base64" Compression="bin/gzip"/>
		<EndDateTime>Apr 30 14:27 RTZ 2 (ceia)</EndDateTime>
		<EndBuildTime>1525087638</EndBuildTime>
		<ElapsedMinutes>0</ElapsedMinutes>
	</Build>
</Site>
