<?xml version="1.0" encoding="UTF-8"?>
<Site BuildName="Windows-AMD64-Experimental"
	BuildStamp="20180430-1127-Experimental"
	Name="DESKTOP-R9O6L5T"
	Generator="ctest-3.11.0"
	CompilerName=""
	CompilerVersion=""
	OSName="Windows"
	Hostname="DESKTOP-R9O6L5T"
	OSRelease=" Professional"
	OSVersion=" (Build 16299)"
	OSPlatform="AMD64"
	Is64Bits="1"
	VendorString="GenuineIntel"
	VendorID="Intel Corporation"
	FamilyID="6"
	ModelID="10"
	ProcessorCacheSize="-1"
	NumberOfLogicalCPU="2"
	NumberOfPhysicalCPU="2"
	TotalVirtualMemory="7125"
	TotalPhysicalMemory="3914"
	LogicalProcessorsPerPhysical="1"
	ProcessorClockFrequency="2394"
	>
	<Testing>
		<StartDateTime>Apr 30 14:27 RTZ 2 (ceia)</StartDateTime>
		<StartTestTime>1525087639</StartTestTime>
		<TestList/>
		<EndDateTime>Apr 30 14:27 RTZ 2 (ceia)</EndDateTime>
		<EndTestTime>1525087639</EndTestTime>
		<ElapsedMinutes>0</ElapsedMinutes>
	</Testing>
</Site>
